[2026-04-12 00:52:40] [INFO] ============================================================
[2026-04-12 00:52:40] [INFO] 学术自动化助手启动
[2026-04-12 00:52:40] [INFO] ============================================================
[2026-04-12 00:52:40] [INFO] 配置加载完成
[2026-04-12 00:52:40] [INFO] 翻译功能: 关闭 (纯英文输出)
[2026-04-12 00:52:40] [INFO] 运行模式: all
[2026-04-12 00:52:40] [INFO] 开始爬取 4 个学术信息源...
[2026-04-12 00:52:40] [INFO] 正在爬取: arXiv AI
[2026-04-12 00:52:42] [ERROR] HTTP错误 429: http://export.arxiv.org/api/query?search_query=cat:cs.AI+OR+cat:cs.LG+OR+cat:cs.CL&sortBy=submittedDate&sortOrder=descending&max_results=10
[2026-04-12 00:52:43] [INFO] 正在爬取: Semantic Scholar
[2026-04-12 00:52:44] [INFO] Semantic Scholar 获取 0 条
[2026-04-12 00:52:45] [INFO] 正在爬取: AMiner
[2026-04-12 00:52:45] [INFO] AMiner 获取 0 条
[2026-04-12 00:52:47] [INFO] 正在爬取: The Gradient
[2026-04-12 00:52:48] [INFO] The Gradient 获取 2 条
[2026-04-12 00:52:50] [INFO] 爬取完成，共获取 2 条学术资讯
[2026-04-12 00:52:50] [INFO] 学术简报已保存: C:\Users\lenovo\Projects\daily_automation\release\data\academic_briefing_20260412.md
[2026-04-12 00:52:50] [INFO] 学术简报已生成: C:\Users\lenovo\Projects\daily_automation\release\data\academic_briefing_20260412.md
[2026-04-12 00:52:50] [INFO] 正在连接邮件服务器 smtp.qq.com:587...
[2026-04-12 00:52:51] [INFO] 邮件发送成功！收件人：yg1114702713@qq.com
[2026-04-12 00:52:51] [INFO] ============================================================
[2026-04-12 00:52:51] [INFO] 学术自动化助手执行完毕
[2026-04-12 00:52:51] [INFO] ============================================================
[2026-04-12 01:22:38] [INFO] ============================================================
[2026-04-12 01:22:38] [INFO] 学术自动化助手启动
[2026-04-12 01:22:38] [INFO] ============================================================
[2026-04-12 01:22:38] [INFO] 配置加载完成
[2026-04-12 01:22:38] [INFO] 翻译功能: 关闭 (纯英文输出)
[2026-04-12 01:22:38] [INFO] 运行模式: remind
[2026-04-12 01:22:38] [INFO] ============================================================
[2026-04-12 01:22:38] [INFO] 学术自动化助手执行完毕
[2026-04-12 01:22:38] [INFO] ============================================================
