[2026-04-11 02:24:49] [INFO] ============================================================
[2026-04-11 02:24:49] [INFO] 学术自动化助手启动
[2026-04-11 02:24:49] [INFO] ============================================================
[2026-04-11 02:24:49] [INFO] 配置加载完成
[2026-04-11 02:24:49] [INFO] 翻译功能: 关闭 (纯英文输出)
[2026-04-11 02:24:49] [INFO] 运行模式: all
[2026-04-11 02:24:49] [INFO] 开始爬取 4 个学术信息源...
[2026-04-11 02:24:49] [INFO] 正在爬取: arXiv AI
[2026-04-11 02:24:50] [INFO] arXiv AI 获取 10 条
[2026-04-11 02:24:51] [INFO] 正在爬取: Semantic Scholar
[2026-04-11 02:24:52] [INFO] Semantic Scholar 获取 0 条
[2026-04-11 02:24:54] [INFO] 正在爬取: AMiner
[2026-04-11 02:24:54] [INFO] AMiner 获取 0 条
[2026-04-11 02:24:55] [INFO] 正在爬取: The Gradient
[2026-04-11 02:24:57] [INFO] The Gradient 获取 2 条
[2026-04-11 02:24:59] [INFO] 爬取完成，共获取 12 条学术资讯
[2026-04-11 02:24:59] [INFO] 学术简报已保存: C:\Users\lenovo\AppData\Roaming\CherryStudio\Data\Agents\a6xup6rt2\daily_automation\release\data\academic_briefing_20260411.md
[2026-04-11 02:24:59] [INFO] 学术简报已生成: C:\Users\lenovo\AppData\Roaming\CherryStudio\Data\Agents\a6xup6rt2\daily_automation\release\data\academic_briefing_20260411.md
[2026-04-11 02:24:59] [INFO] 正在连接邮件服务器 smtp.qq.com:587...
[2026-04-11 02:25:00] [INFO] 邮件发送成功！收件人：yg1114702713@qq.com
[2026-04-11 02:25:59] [INFO] ============================================================
[2026-04-11 02:25:59] [INFO] 学术自动化助手启动
[2026-04-11 02:25:59] [INFO] ============================================================
[2026-04-11 02:25:59] [INFO] 配置加载完成
[2026-04-11 02:25:59] [INFO] 翻译功能: 关闭 (纯英文输出)
[2026-04-11 02:25:59] [INFO] 运行模式: all
[2026-04-11 02:25:59] [INFO] 开始爬取 4 个学术信息源...
[2026-04-11 02:25:59] [INFO] 正在爬取: arXiv AI
[2026-04-11 02:26:00] [INFO] arXiv AI 获取 10 条
[2026-04-11 02:26:01] [INFO] 正在爬取: Semantic Scholar
[2026-04-11 02:26:02] [INFO] Semantic Scholar 获取 0 条
[2026-04-11 02:26:04] [INFO] 正在爬取: AMiner
[2026-04-11 02:26:04] [INFO] AMiner 获取 0 条
[2026-04-11 02:26:05] [INFO] 正在爬取: The Gradient
[2026-04-11 02:26:07] [INFO] The Gradient 获取 2 条
[2026-04-11 02:26:08] [INFO] 爬取完成，共获取 12 条学术资讯
[2026-04-11 02:26:08] [INFO] 学术简报已保存: C:\Users\lenovo\AppData\Roaming\CherryStudio\Data\Agents\a6xup6rt2\daily_automation\release\data\academic_briefing_20260411.md
[2026-04-11 02:26:08] [INFO] 学术简报已生成: C:\Users\lenovo\AppData\Roaming\CherryStudio\Data\Agents\a6xup6rt2\daily_automation\release\data\academic_briefing_20260411.md
[2026-04-11 02:26:08] [INFO] 正在连接邮件服务器 smtp.qq.com:587...
[2026-04-11 02:26:09] [INFO] 邮件发送成功！收件人：yg1114702713@qq.com
[2026-04-11 02:31:19] [INFO] ============================================================
[2026-04-11 02:31:19] [INFO] 学术自动化助手启动
[2026-04-11 02:31:19] [INFO] ============================================================
[2026-04-11 02:31:19] [INFO] 配置加载完成
[2026-04-11 02:31:19] [INFO] 翻译功能: 关闭 (纯英文输出)
[2026-04-11 02:31:19] [INFO] 运行模式: all
[2026-04-11 02:31:19] [INFO] 开始爬取 4 个学术信息源...
[2026-04-11 02:31:19] [INFO] 正在爬取: arXiv AI
[2026-04-11 02:31:20] [INFO] arXiv AI 获取 10 条
[2026-04-11 02:31:21] [INFO] 正在爬取: Semantic Scholar
[2026-04-11 02:31:22] [INFO] Semantic Scholar 获取 0 条
[2026-04-11 02:31:24] [INFO] 正在爬取: AMiner
[2026-04-11 02:31:24] [INFO] AMiner 获取 0 条
[2026-04-11 02:31:25] [INFO] 正在爬取: The Gradient
[2026-04-11 02:31:27] [INFO] The Gradient 获取 2 条
[2026-04-11 02:31:28] [INFO] 爬取完成，共获取 12 条学术资讯
[2026-04-11 02:31:28] [INFO] 学术简报已保存: C:\Users\lenovo\AppData\Roaming\CherryStudio\Data\Agents\a6xup6rt2\daily_automation\release\data\academic_briefing_20260411.md
[2026-04-11 02:31:28] [INFO] 学术简报已生成: C:\Users\lenovo\AppData\Roaming\CherryStudio\Data\Agents\a6xup6rt2\daily_automation\release\data\academic_briefing_20260411.md
[2026-04-11 02:31:29] [INFO] 正在连接邮件服务器 smtp.qq.com:587...
[2026-04-11 02:31:29] [INFO] 邮件发送成功！收件人：yg1114702713@qq.com
[2026-04-11 02:33:35] [INFO] ============================================================
[2026-04-11 02:33:35] [INFO] 学术自动化助手启动
[2026-04-11 02:33:35] [INFO] ============================================================
[2026-04-11 02:33:35] [INFO] 配置加载完成
[2026-04-11 02:33:35] [INFO] 翻译功能: 关闭 (纯英文输出)
[2026-04-11 02:33:35] [INFO] 运行模式: all
[2026-04-11 02:33:35] [INFO] 开始爬取 4 个学术信息源...
[2026-04-11 02:33:35] [INFO] 正在爬取: arXiv AI
[2026-04-11 02:33:35] [INFO] arXiv AI 获取 10 条
[2026-04-11 02:33:37] [INFO] 正在爬取: Semantic Scholar
[2026-04-11 02:33:38] [INFO] Semantic Scholar 获取 0 条
[2026-04-11 02:33:39] [INFO] 正在爬取: AMiner
[2026-04-11 02:33:39] [INFO] AMiner 获取 0 条
[2026-04-11 02:33:41] [INFO] 正在爬取: The Gradient
[2026-04-11 02:33:43] [INFO] The Gradient 获取 2 条
[2026-04-11 02:33:44] [INFO] 爬取完成，共获取 12 条学术资讯
[2026-04-11 02:33:44] [INFO] 学术简报已保存: C:\Users\lenovo\AppData\Roaming\CherryStudio\Data\Agents\a6xup6rt2\daily_automation\release\data\academic_briefing_20260411.md
[2026-04-11 02:33:44] [INFO] 学术简报已生成: C:\Users\lenovo\AppData\Roaming\CherryStudio\Data\Agents\a6xup6rt2\daily_automation\release\data\academic_briefing_20260411.md
[2026-04-11 02:33:44] [INFO] 正在连接邮件服务器 smtp.qq.com:587...
[2026-04-11 02:33:45] [INFO] 邮件发送成功！收件人：yg1114702713@qq.com
[2026-04-11 02:38:28] [INFO] ============================================================
[2026-04-11 02:38:28] [INFO] 学术自动化助手启动
[2026-04-11 02:38:28] [INFO] ============================================================
[2026-04-11 02:38:28] [INFO] 配置加载完成
[2026-04-11 02:38:28] [INFO] 翻译功能: 关闭 (纯英文输出)
[2026-04-11 02:38:28] [INFO] 运行模式: all
[2026-04-11 02:38:28] [INFO] 开始爬取 4 个学术信息源...
[2026-04-11 02:38:28] [INFO] 正在爬取: arXiv AI
[2026-04-11 02:38:28] [INFO] arXiv AI 获取 10 条
[2026-04-11 02:38:30] [INFO] 正在爬取: Semantic Scholar
[2026-04-11 02:38:31] [INFO] Semantic Scholar 获取 0 条
[2026-04-11 02:38:32] [INFO] 正在爬取: AMiner
[2026-04-11 02:38:32] [INFO] AMiner 获取 0 条
[2026-04-11 02:38:34] [INFO] 正在爬取: The Gradient
[2026-04-11 02:38:35] [INFO] The Gradient 获取 2 条
[2026-04-11 02:38:37] [INFO] 爬取完成，共获取 12 条学术资讯
[2026-04-11 02:38:37] [INFO] 学术简报已保存: C:\Users\lenovo\AppData\Roaming\CherryStudio\Data\Agents\a6xup6rt2\daily_automation\release\data\academic_briefing_20260411.md
[2026-04-11 02:38:37] [INFO] 学术简报已生成: C:\Users\lenovo\AppData\Roaming\CherryStudio\Data\Agents\a6xup6rt2\daily_automation\release\data\academic_briefing_20260411.md
[2026-04-11 02:38:37] [INFO] 正在连接邮件服务器 smtp.qq.com:587...
[2026-04-11 02:38:38] [INFO] 邮件发送成功！收件人：yg1114702713@qq.com
[2026-04-11 02:44:10] [INFO] ============================================================
[2026-04-11 02:44:10] [INFO] 学术自动化助手启动
[2026-04-11 02:44:10] [INFO] ============================================================
[2026-04-11 02:44:10] [INFO] 配置加载完成
[2026-04-11 02:44:10] [INFO] 翻译功能: 关闭 (纯英文输出)
[2026-04-11 02:44:10] [INFO] 运行模式: all
[2026-04-11 02:44:10] [INFO] 开始爬取 4 个学术信息源...
[2026-04-11 02:44:10] [INFO] 正在爬取: arXiv AI
[2026-04-11 02:44:11] [INFO] arXiv AI 获取 10 条
[2026-04-11 02:44:12] [INFO] 正在爬取: Semantic Scholar
[2026-04-11 02:44:13] [INFO] Semantic Scholar 获取 0 条
[2026-04-11 02:44:15] [INFO] 正在爬取: AMiner
[2026-04-11 02:44:15] [INFO] AMiner 获取 0 条
[2026-04-11 02:44:16] [INFO] 正在爬取: The Gradient
[2026-04-11 02:44:18] [INFO] The Gradient 获取 2 条
[2026-04-11 02:44:19] [INFO] 爬取完成，共获取 12 条学术资讯
[2026-04-11 02:44:19] [INFO] 学术简报已保存: C:\Users\lenovo\AppData\Roaming\CherryStudio\Data\Agents\a6xup6rt2\daily_automation\release\data\academic_briefing_20260411.md
[2026-04-11 02:44:19] [INFO] 学术简报已生成: C:\Users\lenovo\AppData\Roaming\CherryStudio\Data\Agents\a6xup6rt2\daily_automation\release\data\academic_briefing_20260411.md
[2026-04-11 02:44:19] [INFO] 正在连接邮件服务器 smtp.qq.com:587...
[2026-04-11 02:44:21] [INFO] 邮件发送成功！收件人：yg1114702713@qq.com
[2026-04-11 02:44:21] [INFO] ============================================================
[2026-04-11 02:44:21] [INFO] 学术自动化助手执行完毕
[2026-04-11 02:44:21] [INFO] ============================================================
