[2026-04-11T02:24:49.259114] === 任务开始 ===
[2026-04-11T02:24:49.259615] app_dir: C:\Users\lenovo\AppData\Roaming\CherryStudio\Data\Agents\a6xup6rt2\daily_automation\release
[2026-04-11T02:24:49.259950] 打包模式，运行: C:\Users\lenovo\AppData\Roaming\CherryStudio\Data\Agents\a6xup6rt2\daily_automation\release\DailyAutomation.exe --task
[2026-04-11T02:25:59.619445] === 任务开始 ===
[2026-04-11T02:25:59.620327] app_dir: C:\Users\lenovo\AppData\Roaming\CherryStudio\Data\Agents\a6xup6rt2\daily_automation\release
[2026-04-11T02:25:59.620917] 打包模式，运行: C:\Users\lenovo\AppData\Roaming\CherryStudio\Data\Agents\a6xup6rt2\daily_automation\release\DailyAutomation.exe --task
[2026-04-11T02:30:17.453769] 返回码: 1
[2026-04-11T02:30:17.455929] 输出: [2026-04-11 02:25:59] [INFO] ============================================================
[2026-04-11 02:25:59] [INFO] 学术自动化助手启动
[2026-04-11 02:25:59] [INFO] ============================================================
[2026-04-11 02:25:59] [INFO] 配置加载完成
[2026-04-11 02:25:59] [INFO] 翻译功能: 关闭 (纯英文输出)
[2026-04-11 02:25:59] [INFO] 运行模式: all
[2026-04-11 02:25:59] [INFO] 开始爬取 4 个学术信息源...
[2026-04-11 02:25:59] [INFO] 正在爬取: arXiv AI
[2026-04-11 02:26:00] [INFO] arXiv AI 获取 10 条
[2026-04-11 02:26:01] [I
[2026-04-11T02:30:17.457122] 错误: Traceback (most recent call last):
  File "gui_app.py", line 942, in <module>
  File "gui_app.py", line 918, in run_task_mode
  File "daily_assistant.py", line 1133, in main
UnicodeEncodeError: 'gbk' codec can't encode character '\U0001f4cb' in position 0: illegal multibyte sequence

[2026-04-11T02:30:17.457983] 任务执行失败: 1
[2026-04-11T02:30:17.464399] === 任务结束 ===

[2026-04-11T02:31:19.580241] === 任务开始 ===
[2026-04-11T02:31:19.580996] app_dir: C:\Users\lenovo\AppData\Roaming\CherryStudio\Data\Agents\a6xup6rt2\daily_automation\release
[2026-04-11T02:31:19.581574] 打包模式，运行: C:\Users\lenovo\AppData\Roaming\CherryStudio\Data\Agents\a6xup6rt2\daily_automation\release\DailyAutomation.exe --task
[2026-04-11T02:33:32.521570] 返回码: 1
[2026-04-11T02:33:32.523465] 输出: [2026-04-11 02:31:19] [INFO] ============================================================
[2026-04-11 02:31:19] [INFO] 学术自动化助手启动
[2026-04-11 02:31:19] [INFO] ============================================================
[2026-04-11 02:31:19] [INFO] 配置加载完成
[2026-04-11 02:31:19] [INFO] 翻译功能: 关闭 (纯英文输出)
[2026-04-11 02:31:19] [INFO] 运行模式: all
[2026-04-11 02:31:19] [INFO] 开始爬取 4 个学术信息源...
[2026-04-11 02:31:19] [INFO] 正在爬取: arXiv AI
[2026-04-11 02:31:20] [INFO] arXiv AI 获取 10 条
[2026-04-11 02:31:21] [I
[2026-04-11T02:33:32.524923] 错误: Traceback (most recent call last):
  File "gui_app.py", line 942, in <module>
  File "gui_app.py", line 918, in run_task_mode
  File "daily_assistant.py", line 1133, in main
UnicodeEncodeError: 'gbk' codec can't encode character '\U0001f4cb' in position 0: illegal multibyte sequence

[2026-04-11T02:33:32.526214] 任务执行失败: 1
[2026-04-11T02:33:32.532329] === 任务结束 ===

[2026-04-11T02:33:35.247854] === 任务开始 ===
[2026-04-11T02:33:35.248563] app_dir: C:\Users\lenovo\AppData\Roaming\CherryStudio\Data\Agents\a6xup6rt2\daily_automation\release
[2026-04-11T02:33:35.249165] 打包模式，运行: C:\Users\lenovo\AppData\Roaming\CherryStudio\Data\Agents\a6xup6rt2\daily_automation\release\DailyAutomation.exe --task
[2026-04-11T02:37:21.164508] 返回码: 1
[2026-04-11T02:37:21.165723] 输出: [2026-04-11 02:33:35] [INFO] ============================================================
[2026-04-11 02:33:35] [INFO] 学术自动化助手启动
[2026-04-11 02:33:35] [INFO] ============================================================
[2026-04-11 02:33:35] [INFO] 配置加载完成
[2026-04-11 02:33:35] [INFO] 翻译功能: 关闭 (纯英文输出)
[2026-04-11 02:33:35] [INFO] 运行模式: all
[2026-04-11 02:33:35] [INFO] 开始爬取 4 个学术信息源...
[2026-04-11 02:33:35] [INFO] 正在爬取: arXiv AI
[2026-04-11 02:33:35] [INFO] arXiv AI 获取 10 条
[2026-04-11 02:33:37] [I
[2026-04-11T02:37:21.167267] 错误: Traceback (most recent call last):
  File "gui_app.py", line 942, in <module>
  File "gui_app.py", line 918, in run_task_mode
  File "daily_assistant.py", line 1133, in main
UnicodeEncodeError: 'gbk' codec can't encode character '\U0001f4cb' in position 0: illegal multibyte sequence

[2026-04-11T02:37:21.168190] 任务执行失败: 1
[2026-04-11T02:37:21.171893] === 任务结束 ===

[2026-04-11T02:38:27.789428] === 任务开始 ===
[2026-04-11T02:38:27.790299] app_dir: C:\Users\lenovo\AppData\Roaming\CherryStudio\Data\Agents\a6xup6rt2\daily_automation\release
[2026-04-11T02:38:27.790821] 打包模式，运行: C:\Users\lenovo\AppData\Roaming\CherryStudio\Data\Agents\a6xup6rt2\daily_automation\release\DailyAutomation.exe --task
[2026-04-11T02:38:59.817761] 返回码: 1
[2026-04-11T02:38:59.818859] 输出: [2026-04-11 02:38:28] [INFO] ============================================================
[2026-04-11 02:38:28] [INFO] 学术自动化助手启动
[2026-04-11 02:38:28] [INFO] ============================================================
[2026-04-11 02:38:28] [INFO] 配置加载完成
[2026-04-11 02:38:28] [INFO] 翻译功能: 关闭 (纯英文输出)
[2026-04-11 02:38:28] [INFO] 运行模式: all
[2026-04-11 02:38:28] [INFO] 开始爬取 4 个学术信息源...
[2026-04-11 02:38:28] [INFO] 正在爬取: arXiv AI
[2026-04-11 02:38:28] [INFO] arXiv AI 获取 10 条
[2026-04-11 02:38:30] [I
[2026-04-11T02:38:59.819443] 错误: Traceback (most recent call last):
  File "gui_app.py", line 942, in <module>
  File "gui_app.py", line 918, in run_task_mode
  File "daily_assistant.py", line 1133, in main
UnicodeEncodeError: 'gbk' codec can't encode character '\U0001f4cb' in position 0: illegal multibyte sequence

[2026-04-11T02:38:59.819985] 任务执行失败: 1
[2026-04-11T02:38:59.823806] === 任务结束 ===

[2026-04-11T02:44:09.855692] === 任务开始 ===
[2026-04-11T02:44:09.856478] app_dir: C:\Users\lenovo\AppData\Roaming\CherryStudio\Data\Agents\a6xup6rt2\daily_automation\release
[2026-04-11T02:44:09.856998] 打包模式，运行: C:\Users\lenovo\AppData\Roaming\CherryStudio\Data\Agents\a6xup6rt2\daily_automation\release\DailyAutomation.exe --task
[2026-04-11T02:44:21.181142] 返回码: 0
[2026-04-11T02:44:21.182183] 任务执行成功
[2026-04-11T02:44:21.187088] === 任务结束 ===

