[2026-04-11T02:24:44.623548] 程序启动
sys.argv: ['C:\\Users\\lenovo\\AppData\\Roaming\\CherryStudio\\Data\\Agents\\a6xup6rt2\\daily_automation\\release\\DailyAutomation.exe']
frozen: True
app_dir: C:\Users\lenovo\AppData\Roaming\CherryStudio\Data\Agents\a6xup6rt2\daily_automation\release
[2026-04-11T02:24:49.453082] 程序启动
sys.argv: ['C:\\Users\\lenovo\\AppData\\Roaming\\CherryStudio\\Data\\Agents\\a6xup6rt2\\daily_automation\\release\\DailyAutomation.exe', '--task']
frozen: True
app_dir: C:\Users\lenovo\AppData\Roaming\CherryStudio\Data\Agents\a6xup6rt2\daily_automation\release
[2026-04-11T02:25:51.667019] 程序启动
sys.argv: ['C:\\Users\\lenovo\\AppData\\Roaming\\CherryStudio\\Data\\Agents\\a6xup6rt2\\daily_automation\\release\\DailyAutomation.exe']
frozen: True
app_dir: C:\Users\lenovo\AppData\Roaming\CherryStudio\Data\Agents\a6xup6rt2\daily_automation\release
[2026-04-11T02:25:59.785322] 程序启动
sys.argv: ['C:\\Users\\lenovo\\AppData\\Roaming\\CherryStudio\\Data\\Agents\\a6xup6rt2\\daily_automation\\release\\DailyAutomation.exe', '--task']
frozen: True
app_dir: C:\Users\lenovo\AppData\Roaming\CherryStudio\Data\Agents\a6xup6rt2\daily_automation\release
[2026-04-11T02:30:16.379825] 程序启动
sys.argv: ['C:\\Users\\lenovo\\AppData\\Roaming\\CherryStudio\\Data\\Agents\\a6xup6rt2\\daily_automation\\release\\DailyAutomation.exe']
frozen: True
app_dir: C:\Users\lenovo\AppData\Roaming\CherryStudio\Data\Agents\a6xup6rt2\daily_automation\release
[2026-04-11T02:30:24.792934] 程序启动
sys.argv: ['C:\\Users\\lenovo\\AppData\\Roaming\\CherryStudio\\Data\\Agents\\a6xup6rt2\\daily_automation\\release\\DailyAutomation.exe']
frozen: True
app_dir: C:\Users\lenovo\AppData\Roaming\CherryStudio\Data\Agents\a6xup6rt2\daily_automation\release
[2026-04-11T02:31:19.813898] 程序启动
sys.argv: ['C:\\Users\\lenovo\\AppData\\Roaming\\CherryStudio\\Data\\Agents\\a6xup6rt2\\daily_automation\\release\\DailyAutomation.exe', '--task']
frozen: True
app_dir: C:\Users\lenovo\AppData\Roaming\CherryStudio\Data\Agents\a6xup6rt2\daily_automation\release
[2026-04-11T02:33:35.454849] 程序启动
sys.argv: ['C:\\Users\\lenovo\\AppData\\Roaming\\CherryStudio\\Data\\Agents\\a6xup6rt2\\daily_automation\\release\\DailyAutomation.exe', '--task']
frozen: True
app_dir: C:\Users\lenovo\AppData\Roaming\CherryStudio\Data\Agents\a6xup6rt2\daily_automation\release
[2026-04-11T02:38:21.657513] 程序启动
sys.argv: ['C:\\Users\\lenovo\\AppData\\Roaming\\CherryStudio\\Data\\Agents\\a6xup6rt2\\daily_automation\\release\\DailyAutomation.exe']
frozen: True
app_dir: C:\Users\lenovo\AppData\Roaming\CherryStudio\Data\Agents\a6xup6rt2\daily_automation\release
[2026-04-11T02:38:28.010705] 程序启动
sys.argv: ['C:\\Users\\lenovo\\AppData\\Roaming\\CherryStudio\\Data\\Agents\\a6xup6rt2\\daily_automation\\release\\DailyAutomation.exe', '--task']
frozen: True
app_dir: C:\Users\lenovo\AppData\Roaming\CherryStudio\Data\Agents\a6xup6rt2\daily_automation\release
[2026-04-11T02:44:03.843089] 程序启动
sys.argv: ['C:\\Users\\lenovo\\AppData\\Roaming\\CherryStudio\\Data\\Agents\\a6xup6rt2\\daily_automation\\release\\DailyAutomation.exe']
frozen: True
app_dir: C:\Users\lenovo\AppData\Roaming\CherryStudio\Data\Agents\a6xup6rt2\daily_automation\release
[2026-04-11T02:44:10.426844] 程序启动
sys.argv: ['C:\\Users\\lenovo\\AppData\\Roaming\\CherryStudio\\Data\\Agents\\a6xup6rt2\\daily_automation\\release\\DailyAutomation.exe', '--task']
frozen: True
app_dir: C:\Users\lenovo\AppData\Roaming\CherryStudio\Data\Agents\a6xup6rt2\daily_automation\release
