[2026-04-06 18:41:25] [INFO] ============================================================
[2026-04-06 18:41:25] [INFO] 学术自动化助手启动
[2026-04-06 18:41:25] [INFO] ============================================================
[2026-04-06 18:41:25] [INFO] 配置加载完成
[2026-04-06 18:41:25] [INFO] 开始爬取 4 个学术信息源...
[2026-04-06 18:41:25] [INFO] 正在爬取: arXiv AI
[2026-04-06 18:41:27] [INFO] arXiv AI 获取 10 条
[2026-04-06 18:41:28] [INFO] 正在爬取: PapersWithCode
[2026-04-06 18:41:31] [ERROR] 获取失败 https://paperswithcode.com/api/v1/papers/?ordering=-published&items_per_page=10: IncompleteRead(1462621 bytes read, 11548 more expected)
[2026-04-06 18:41:33] [INFO] 正在爬取: OECD Library
[2026-04-06 18:41:33] [ERROR] HTTP错误 403: https://www.oecd-ilibrary.org/rss
[2026-04-06 18:41:35] [INFO] 正在爬取: SSRN
[2026-04-06 18:41:39] [ERROR] HTTP错误 404: https://www.ssrn.com/index.cfm/en/rss
[2026-04-06 18:41:41] [INFO] 爬取完成，共获取 10 条学术资讯
[2026-04-06 18:41:41] [INFO] 学术简报已保存: C:\Users\lenovo\AppData\Roaming\CherryStudio\Data\Agents\a6xup6rt2\daily_automation\data\academic_briefing_20260406.md
[2026-04-06 18:41:41] [INFO] 学术简报已生成: C:\Users\lenovo\AppData\Roaming\CherryStudio\Data\Agents\a6xup6rt2\daily_automation\data\academic_briefing_20260406.md
[2026-04-06 18:41:41] [INFO] ============================================================
[2026-04-06 18:41:41] [INFO] 学术自动化助手执行完毕
[2026-04-06 18:41:41] [INFO] ============================================================
[2026-04-06 19:03:34] [INFO] ============================================================
[2026-04-06 19:03:34] [INFO] 学术自动化助手启动
[2026-04-06 19:03:34] [INFO] ============================================================
[2026-04-06 19:03:34] [INFO] 配置加载完成
[2026-04-06 19:03:34] [INFO] 开始爬取 2 个学术信息源...
[2026-04-06 19:03:34] [INFO] 正在爬取: arXiv AI
[2026-04-06 19:03:35] [INFO] arXiv AI 获取 10 条
[2026-04-06 19:03:37] [INFO] 正在爬取: PapersWithCode
[2026-04-06 19:03:39] [ERROR] 解析PapersWithCode失败: Expecting value: line 1 column 1 (char 0)
[2026-04-06 19:03:39] [INFO] PapersWithCode 获取 0 条
[2026-04-06 19:03:41] [INFO] 爬取完成，共获取 10 条学术资讯
[2026-04-06 19:03:41] [INFO] 学术简报已保存: C:\Users\lenovo\AppData\Roaming\CherryStudio\Data\Agents\a6xup6rt2\daily_automation\data\academic_briefing_20260406.md
[2026-04-06 19:03:41] [INFO] 学术简报已生成: C:\Users\lenovo\AppData\Roaming\CherryStudio\Data\Agents\a6xup6rt2\daily_automation\data\academic_briefing_20260406.md
[2026-04-06 19:03:41] [INFO] 正在连接邮件服务器 smtp.qq.com:587...
[2026-04-06 19:03:42] [INFO] 邮件发送成功！收件人：yg1114702713@qq.com
[2026-04-06 19:03:42] [INFO] ============================================================
[2026-04-06 19:03:42] [INFO] 学术自动化助手执行完毕
[2026-04-06 19:03:42] [INFO] ============================================================
[2026-04-06 20:20:46] [INFO] ============================================================
[2026-04-06 20:20:46] [INFO] 课程任务管理系统启动
[2026-04-06 20:20:46] [INFO] ============================================================
[2026-04-06 20:20:46] [INFO] 正在生成今日计划...
[2026-04-06 20:20:46] [INFO] 今日计划已保存: C:\Users\lenovo\AppData\Roaming\CherryStudio\Data\Agents\a6xup6rt2\daily_automation\data\daily_plan_20260406.html
[2026-04-06 20:20:46] [INFO] 正在发送邮件到 yg1114702713@qq.com...
[2026-04-06 20:20:47] [INFO] 邮件发送成功！
[2026-04-06 20:20:47] [INFO] ============================================================
[2026-04-06 20:20:47] [INFO] 课程任务管理系统执行完毕
[2026-04-06 20:20:47] [INFO] ============================================================
