[2026-04-09 12:23:26] [INFO] ============================================================
[2026-04-09 12:23:26] [INFO] 学术自动化助手启动
[2026-04-09 12:23:26] [INFO] ============================================================
[2026-04-09 12:23:26] [INFO] 配置加载完成
[2026-04-09 12:23:26] [INFO] 翻译功能: 关闭 (纯英文输出)
[2026-04-09 12:23:26] [INFO] 开始爬取 4 个学术信息源...
[2026-04-09 12:23:26] [INFO] 正在爬取: arXiv AI
[2026-04-09 12:23:26] [INFO] arXiv AI 获取 10 条
[2026-04-09 12:23:28] [INFO] 正在爬取: Semantic Scholar
[2026-04-09 12:23:29] [INFO] Semantic Scholar 获取 0 条
[2026-04-09 12:23:30] [INFO] 正在爬取: AMiner
[2026-04-09 12:23:30] [INFO] AMiner 获取 0 条
[2026-04-09 12:23:32] [INFO] 正在爬取: The Gradient
[2026-04-09 12:23:34] [INFO] The Gradient 获取 2 条
[2026-04-09 12:23:35] [INFO] 爬取完成，共获取 12 条学术资讯
[2026-04-09 12:23:35] [INFO] 学术简报已保存: C:\Users\lenovo\AppData\Roaming\CherryStudio\Data\Agents\a6xup6rt2\daily_automation\data\academic_briefing_20260409.md
[2026-04-09 12:23:35] [INFO] 学术简报已生成: C:\Users\lenovo\AppData\Roaming\CherryStudio\Data\Agents\a6xup6rt2\daily_automation\data\academic_briefing_20260409.md
[2026-04-09 12:23:35] [INFO] 正在连接邮件服务器 smtp.qq.com:587...
[2026-04-09 12:23:36] [INFO] 邮件发送成功！收件人：yg1114702713@qq.com
[2026-04-09 12:23:37] [INFO] ============================================================
[2026-04-09 12:23:37] [INFO] 课程任务管理系统启动
[2026-04-09 12:23:37] [INFO] ============================================================
[2026-04-09 12:23:37] [INFO] 正在生成今日计划...
[2026-04-09 12:23:37] [INFO] 今日计划已保存: C:\Users\lenovo\AppData\Roaming\CherryStudio\Data\Agents\a6xup6rt2\daily_automation\data\daily_plan_20260409.html
[2026-04-09 12:23:37] [INFO] 正在发送邮件到 yg1114702713@qq.com...
[2026-04-09 12:23:38] [INFO] 邮件发送成功！
[2026-04-09 12:23:38] [INFO] ============================================================
[2026-04-09 12:23:38] [INFO] 课程任务管理系统执行完毕
[2026-04-09 12:23:38] [INFO] ============================================================
[2026-04-09 20:23:44] [INFO] ============================================================
[2026-04-09 20:23:44] [INFO] 课程任务管理系统启动
[2026-04-09 20:23:44] [INFO] ============================================================
[2026-04-09 20:23:44] [INFO] 正在生成今日计划...
[2026-04-09 20:23:44] [INFO] 今日计划已保存: C:\Users\lenovo\AppData\Roaming\CherryStudio\Data\Agents\a6xup6rt2\daily_automation\data\daily_plan_20260409.html
[2026-04-09 20:23:44] [INFO] 正在发送邮件到 yg1114702713@qq.com...
[2026-04-09 20:23:45] [INFO] 邮件发送成功！
[2026-04-09 20:23:45] [INFO] ============================================================
[2026-04-09 20:23:45] [INFO] 课程任务管理系统执行完毕
[2026-04-09 20:23:45] [INFO] ============================================================
[2026-04-09 20:33:35] [INFO] ============================================================
[2026-04-09 20:33:35] [INFO] 课程任务管理系统启动
[2026-04-09 20:33:35] [INFO] ============================================================
[2026-04-09 20:33:35] [INFO] 正在生成今日计划...
[2026-04-09 20:33:35] [INFO] 今日计划已保存: C:\Users\lenovo\AppData\Roaming\CherryStudio\Data\Agents\a6xup6rt2\daily_automation\data\daily_plan_20260409.html
[2026-04-09 20:33:35] [INFO] 正在发送邮件到 yg1114702713@qq.com...
[2026-04-09 20:33:36] [INFO] 邮件发送成功！
[2026-04-09 20:33:36] [INFO] ============================================================
[2026-04-09 20:33:36] [INFO] 课程任务管理系统执行完毕
[2026-04-09 20:33:36] [INFO] ============================================================
[2026-04-09 22:00:02] [INFO] ============================================================
[2026-04-09 22:00:02] [INFO] 学术自动化助手启动
[2026-04-09 22:00:02] [INFO] ============================================================
[2026-04-09 22:00:02] [INFO] 配置加载完成
[2026-04-09 22:00:02] [INFO] 翻译功能: 关闭 (纯英文输出)
[2026-04-09 22:00:02] [INFO] ============================================================
[2026-04-09 22:00:02] [INFO] 学术自动化助手执行完毕
[2026-04-09 22:00:02] [INFO] ============================================================
