[2026-04-07 11:01:31] [INFO] ============================================================
[2026-04-07 11:01:31] [INFO] 学术自动化助手启动
[2026-04-07 11:01:31] [INFO] ============================================================
[2026-04-07 11:01:31] [INFO] 配置加载完成
[2026-04-07 11:01:31] [INFO] 翻译功能: 关闭 (纯英文输出)
[2026-04-07 11:01:31] [INFO] 开始爬取 2 个学术信息源...
[2026-04-07 11:01:31] [INFO] 正在爬取: arXiv AI
[2026-04-07 11:01:32] [INFO] arXiv AI 获取 10 条
[2026-04-07 11:01:33] [INFO] 正在爬取: PapersWithCode
[2026-04-07 11:02:10] [INFO] ============================================================
[2026-04-07 11:02:10] [INFO] 学术自动化助手启动
[2026-04-07 11:02:10] [INFO] ============================================================
[2026-04-07 11:02:10] [INFO] 配置加载完成
[2026-04-07 11:02:10] [INFO] 翻译功能: 关闭 (纯英文输出)
[2026-04-07 11:02:10] [INFO] 开始爬取 2 个学术信息源...
[2026-04-07 11:02:10] [INFO] 正在爬取: arXiv AI
[2026-04-07 11:02:11] [INFO] arXiv AI 获取 10 条
[2026-04-07 11:02:18] [INFO] ============================================================
[2026-04-07 11:02:18] [INFO] 学术自动化助手启动
[2026-04-07 11:02:18] [INFO] ============================================================
[2026-04-07 11:02:18] [INFO] 配置加载完成
[2026-04-07 11:02:18] [INFO] 翻译功能: 关闭 (纯英文输出)
[2026-04-07 11:02:18] [INFO] 开始爬取 2 个学术信息源...
[2026-04-07 11:02:18] [INFO] 正在爬取: arXiv AI
[2026-04-07 11:02:18] [INFO] arXiv AI 获取 10 条
[2026-04-07 11:02:20] [INFO] 正在爬取: PapersWithCode
[2026-04-07 11:02:50] [ERROR] 获取失败 https://paperswithcode.com/api/v1/papers/?ordering=-published&items_per_page=10: <urlopen error timed out>
[2026-04-07 11:02:52] [INFO] 爬取完成，共获取 10 条学术资讯
[2026-04-07 11:02:52] [INFO] 学术简报已保存: C:\Users\lenovo\AppData\Roaming\CherryStudio\Data\Agents\a6xup6rt2\daily_automation\data\academic_briefing_20260407.md
[2026-04-07 11:02:52] [INFO] 学术简报已生成: C:\Users\lenovo\AppData\Roaming\CherryStudio\Data\Agents\a6xup6rt2\daily_automation\data\academic_briefing_20260407.md
[2026-04-07 11:02:52] [INFO] 正在连接邮件服务器 smtp.qq.com:587...
[2026-04-07 11:02:53] [INFO] 邮件发送成功！收件人：yg1114702713@qq.com
[2026-04-07 11:02:53] [INFO] ============================================================
[2026-04-07 11:02:53] [INFO] 课程任务管理系统启动
[2026-04-07 11:02:53] [INFO] ============================================================
[2026-04-07 11:02:53] [INFO] 正在生成今日计划...
[2026-04-07 11:02:53] [INFO] 今日计划已保存: C:\Users\lenovo\AppData\Roaming\CherryStudio\Data\Agents\a6xup6rt2\daily_automation\data\daily_plan_20260407.html
[2026-04-07 11:02:53] [INFO] 正在发送邮件到 yg1114702713@qq.com...
[2026-04-07 11:02:54] [INFO] 邮件发送成功！
[2026-04-07 11:02:54] [INFO] ============================================================
[2026-04-07 11:02:54] [INFO] 课程任务管理系统执行完毕
[2026-04-07 11:02:54] [INFO] ============================================================
[2026-04-07 11:23:59] [INFO] ============================================================
[2026-04-07 11:23:59] [INFO] 学术自动化助手启动
[2026-04-07 11:23:59] [INFO] ============================================================
[2026-04-07 11:23:59] [INFO] 配置加载完成
[2026-04-07 11:23:59] [INFO] 翻译功能: 关闭 (纯英文输出)
[2026-04-07 11:23:59] [INFO] 开始爬取 4 个学术信息源...
[2026-04-07 11:23:59] [INFO] 正在爬取: arXiv AI
[2026-04-07 11:24:00] [INFO] arXiv AI 获取 10 条
[2026-04-07 11:24:02] [INFO] 正在爬取: Semantic Scholar
[2026-04-07 11:24:03] [INFO] Semantic Scholar 获取 0 条
[2026-04-07 11:24:04] [INFO] 正在爬取: AMiner
[2026-04-07 11:24:04] [INFO] AMiner 获取 0 条
[2026-04-07 11:24:06] [INFO] 正在爬取: The Gradient
[2026-04-07 11:24:08] [INFO] The Gradient 获取 2 条
[2026-04-07 11:24:09] [INFO] 爬取完成，共获取 12 条学术资讯
[2026-04-07 11:24:09] [INFO] 学术简报已保存: C:\Users\lenovo\AppData\Roaming\CherryStudio\Data\Agents\a6xup6rt2\daily_automation\data\academic_briefing_20260407.md
[2026-04-07 11:24:09] [INFO] 学术简报已生成: C:\Users\lenovo\AppData\Roaming\CherryStudio\Data\Agents\a6xup6rt2\daily_automation\data\academic_briefing_20260407.md
[2026-04-07 11:24:09] [INFO] 正在连接邮件服务器 smtp.qq.com:587...
[2026-04-07 11:24:11] [INFO] 邮件发送成功！收件人：yg1114702713@qq.com
[2026-04-07 11:24:11] [INFO] ============================================================
[2026-04-07 11:24:11] [INFO] 学术自动化助手执行完毕
[2026-04-07 11:24:11] [INFO] ============================================================
[2026-04-07 22:00:01] [INFO] ============================================================
[2026-04-07 22:00:01] [INFO] 学术自动化助手启动
[2026-04-07 22:00:01] [INFO] ============================================================
[2026-04-07 22:00:01] [INFO] 配置加载完成
[2026-04-07 22:00:01] [INFO] 翻译功能: 关闭 (纯英文输出)
[2026-04-07 22:00:01] [INFO] ============================================================
[2026-04-07 22:00:01] [INFO] 学术自动化助手执行完毕
[2026-04-07 22:00:01] [INFO] ============================================================
