[2026-04-11 00:02:11] [INFO] ============================================================
[2026-04-11 00:02:11] [INFO] 学术自动化助手启动
[2026-04-11 00:02:11] [INFO] ============================================================
[2026-04-11 00:02:11] [INFO] 配置加载完成
[2026-04-11 00:02:11] [INFO] 翻译功能: 关闭 (纯英文输出)
[2026-04-11 00:02:11] [INFO] 开始爬取 4 个学术信息源...
[2026-04-11 00:02:11] [INFO] 正在爬取: arXiv AI
[2026-04-11 00:02:11] [INFO] arXiv AI 获取 10 条
[2026-04-11 00:02:13] [INFO] 正在爬取: Semantic Scholar
[2026-04-11 00:02:14] [INFO] Semantic Scholar 获取 0 条
[2026-04-11 00:02:15] [INFO] 正在爬取: AMiner
[2026-04-11 00:02:15] [INFO] AMiner 获取 0 条
[2026-04-11 00:02:17] [INFO] 正在爬取: The Gradient
[2026-04-11 00:02:18] [INFO] The Gradient 获取 2 条
[2026-04-11 00:02:20] [INFO] 爬取完成，共获取 12 条学术资讯
[2026-04-11 00:02:20] [INFO] 学术简报已保存: C:\Users\lenovo\AppData\Roaming\CherryStudio\Data\Agents\a6xup6rt2\daily_automation\data\academic_briefing_20260411.md
[2026-04-11 00:02:20] [INFO] 学术简报已生成: C:\Users\lenovo\AppData\Roaming\CherryStudio\Data\Agents\a6xup6rt2\daily_automation\data\academic_briefing_20260411.md
[2026-04-11 00:02:20] [INFO] 正在连接邮件服务器 smtp.qq.com:587...
[2026-04-11 00:02:21] [INFO] 邮件发送成功！收件人：yg1114702713@qq.com
[2026-04-11 00:02:21] [INFO] ============================================================
[2026-04-11 00:02:21] [INFO] 课程任务管理系统启动
[2026-04-11 00:02:21] [INFO] ============================================================
[2026-04-11 00:02:21] [INFO] 正在生成今日计划...
[2026-04-11 00:02:21] [INFO] 今日计划已保存: C:\Users\lenovo\AppData\Roaming\CherryStudio\Data\Agents\a6xup6rt2\daily_automation\data\daily_plan_20260411.html
[2026-04-11 00:02:21] [INFO] 正在发送邮件到 yg1114702713@qq.com...
[2026-04-11 00:02:22] [INFO] 邮件发送成功！
[2026-04-11 00:02:22] [INFO] ============================================================
[2026-04-11 00:02:22] [INFO] 课程任务管理系统执行完毕
[2026-04-11 00:02:22] [INFO] ============================================================
[2026-04-11 02:06:55] [INFO] ============================================================
[2026-04-11 02:06:55] [INFO] 学术自动化助手启动
[2026-04-11 02:06:55] [INFO] ============================================================
[2026-04-11 02:06:55] [INFO] 配置加载完成
[2026-04-11 02:06:55] [INFO] 翻译功能: 关闭 (纯英文输出)
[2026-04-11 02:06:55] [INFO] 运行模式: all
[2026-04-11 02:06:55] [INFO] 开始爬取 4 个学术信息源...
[2026-04-11 02:06:55] [INFO] 正在爬取: arXiv AI
[2026-04-11 02:06:56] [INFO] arXiv AI 获取 10 条
[2026-04-11 02:06:58] [INFO] 正在爬取: Semantic Scholar
[2026-04-11 02:06:59] [INFO] Semantic Scholar 获取 0 条
[2026-04-11 02:07:00] [INFO] 正在爬取: AMiner
[2026-04-11 02:07:00] [INFO] AMiner 获取 0 条
[2026-04-11 02:07:02] [INFO] 正在爬取: The Gradient
[2026-04-11 02:07:04] [INFO] The Gradient 获取 2 条
[2026-04-11 02:07:06] [INFO] 爬取完成，共获取 12 条学术资讯
[2026-04-11 02:07:06] [INFO] 学术简报已保存: C:\Users\lenovo\AppData\Roaming\CherryStudio\Data\Agents\a6xup6rt2\daily_automation\data\academic_briefing_20260411.md
[2026-04-11 02:07:06] [INFO] 学术简报已生成: C:\Users\lenovo\AppData\Roaming\CherryStudio\Data\Agents\a6xup6rt2\daily_automation\data\academic_briefing_20260411.md
[2026-04-11 02:07:06] [INFO] 正在连接邮件服务器 smtp.qq.com:587...
[2026-04-11 02:07:07] [INFO] 邮件发送成功！收件人：yg1114702713@qq.com
[2026-04-11 02:07:07] [INFO] ============================================================
[2026-04-11 02:07:07] [INFO] 学术自动化助手执行完毕
[2026-04-11 02:07:07] [INFO] ============================================================
[2026-04-11 22:00:02] [INFO] ============================================================
[2026-04-11 22:00:02] [INFO] 学术自动化助手启动
[2026-04-11 22:00:02] [INFO] ============================================================
[2026-04-11 22:00:02] [INFO] 配置加载完成
[2026-04-11 22:00:02] [INFO] 翻译功能: 关闭 (纯英文输出)
[2026-04-11 22:00:02] [INFO] 运行模式: remind
[2026-04-11 22:00:02] [INFO] ============================================================
[2026-04-11 22:00:02] [INFO] 学术自动化助手执行完毕
[2026-04-11 22:00:02] [INFO] ============================================================
