[2026-04-08 13:04:02] [INFO] ============================================================
[2026-04-08 13:04:02] [INFO] 学术自动化助手启动
[2026-04-08 13:04:02] [INFO] ============================================================
[2026-04-08 13:04:02] [INFO] 配置加载完成
[2026-04-08 13:04:02] [INFO] 翻译功能: 关闭 (纯英文输出)
[2026-04-08 13:04:02] [INFO] 开始爬取 4 个学术信息源...
[2026-04-08 13:04:02] [INFO] 正在爬取: arXiv AI
[2026-04-08 13:04:03] [INFO] arXiv AI 获取 10 条
[2026-04-08 13:04:04] [INFO] 正在爬取: Semantic Scholar
[2026-04-08 13:04:05] [INFO] Semantic Scholar 获取 0 条
[2026-04-08 13:04:07] [INFO] 正在爬取: AMiner
[2026-04-08 13:04:07] [INFO] AMiner 获取 0 条
[2026-04-08 13:04:09] [INFO] 正在爬取: The Gradient
[2026-04-08 13:04:10] [INFO] The Gradient 获取 2 条
[2026-04-08 13:04:12] [INFO] 爬取完成，共获取 12 条学术资讯
[2026-04-08 13:04:12] [INFO] 学术简报已保存: C:\Users\lenovo\AppData\Roaming\CherryStudio\Data\Agents\a6xup6rt2\daily_automation\data\academic_briefing_20260408.md
[2026-04-08 13:04:12] [INFO] 学术简报已生成: C:\Users\lenovo\AppData\Roaming\CherryStudio\Data\Agents\a6xup6rt2\daily_automation\data\academic_briefing_20260408.md
[2026-04-08 13:04:12] [INFO] 正在连接邮件服务器 smtp.qq.com:587...
[2026-04-08 13:04:13] [INFO] 邮件发送成功！收件人：yg1114702713@qq.com
[2026-04-08 13:04:13] [INFO] ============================================================
[2026-04-08 13:04:13] [INFO] 课程任务管理系统启动
[2026-04-08 13:04:13] [INFO] ============================================================
[2026-04-08 13:04:13] [INFO] 正在生成今日计划...
[2026-04-08 13:04:13] [INFO] 今日计划已保存: C:\Users\lenovo\AppData\Roaming\CherryStudio\Data\Agents\a6xup6rt2\daily_automation\data\daily_plan_20260408.html
[2026-04-08 13:04:13] [INFO] 正在发送邮件到 yg1114702713@qq.com...
[2026-04-08 13:04:14] [INFO] 邮件发送成功！
[2026-04-08 13:04:14] [INFO] ============================================================
[2026-04-08 13:04:14] [INFO] 课程任务管理系统执行完毕
[2026-04-08 13:04:14] [INFO] ============================================================
[2026-04-08 13:04:28] [INFO] ============================================================
[2026-04-08 13:04:28] [INFO] 学术自动化助手启动
[2026-04-08 13:04:28] [INFO] ============================================================
[2026-04-08 13:04:28] [INFO] 配置加载完成
[2026-04-08 13:04:28] [INFO] 翻译功能: 关闭 (纯英文输出)
[2026-04-08 13:04:28] [INFO] 开始爬取 4 个学术信息源...
[2026-04-08 13:04:28] [INFO] 正在爬取: arXiv AI
[2026-04-08 13:04:28] [INFO] arXiv AI 获取 10 条
[2026-04-08 13:04:30] [INFO] 正在爬取: Semantic Scholar
[2026-04-08 13:04:30] [INFO] Semantic Scholar 获取 0 条
[2026-04-08 13:04:32] [INFO] 正在爬取: AMiner
[2026-04-08 13:04:32] [INFO] AMiner 获取 0 条
[2026-04-08 13:04:33] [INFO] 正在爬取: The Gradient
[2026-04-08 13:04:34] [INFO] The Gradient 获取 2 条
[2026-04-08 13:04:36] [INFO] 爬取完成，共获取 12 条学术资讯
[2026-04-08 13:04:36] [INFO] 学术简报已保存: C:\Users\lenovo\AppData\Roaming\CherryStudio\Data\Agents\a6xup6rt2\daily_automation\data\academic_briefing_20260408.md
[2026-04-08 13:04:36] [INFO] 学术简报已生成: C:\Users\lenovo\AppData\Roaming\CherryStudio\Data\Agents\a6xup6rt2\daily_automation\data\academic_briefing_20260408.md
[2026-04-08 13:04:36] [INFO] 正在连接邮件服务器 smtp.qq.com:587...
[2026-04-08 13:04:37] [INFO] 邮件发送成功！收件人：yg1114702713@qq.com
[2026-04-08 13:04:37] [INFO] ============================================================
[2026-04-08 13:04:37] [INFO] 课程任务管理系统启动
[2026-04-08 13:04:37] [INFO] ============================================================
[2026-04-08 13:04:37] [INFO] 正在生成今日计划...
[2026-04-08 13:04:37] [INFO] 今日计划已保存: C:\Users\lenovo\AppData\Roaming\CherryStudio\Data\Agents\a6xup6rt2\daily_automation\data\daily_plan_20260408.html
[2026-04-08 13:04:37] [INFO] 正在发送邮件到 yg1114702713@qq.com...
[2026-04-08 13:04:38] [INFO] 邮件发送成功！
[2026-04-08 13:04:38] [INFO] ============================================================
[2026-04-08 13:04:38] [INFO] 课程任务管理系统执行完毕
[2026-04-08 13:04:38] [INFO] ============================================================
[2026-04-08 22:00:05] [INFO] ============================================================
[2026-04-08 22:00:05] [INFO] 学术自动化助手启动
[2026-04-08 22:00:05] [INFO] ============================================================
[2026-04-08 22:00:05] [INFO] 配置加载完成
[2026-04-08 22:00:05] [INFO] 翻译功能: 关闭 (纯英文输出)
[2026-04-08 22:00:05] [INFO] ============================================================
[2026-04-08 22:00:05] [INFO] 学术自动化助手执行完毕
[2026-04-08 22:00:05] [INFO] ============================================================
